<?xml version="1.0"?>
<testsuite name="PhantomJS 2.1.1 (Windows 8 0.0.0)" package="" timestamp="2017-01-24T18:09:50" id="0" hostname="Gasmachine-MKII" tests="8" errors="0" failures="0" time="0.318">
  <properties>
    <property name="browser.fullName" value="Mozilla/5.0 (Windows NT 6.2; WOW64) AppleWebKit/538.1 (KHTML, like Gecko) PhantomJS/2.1.1 Safari/538.1"/>
  </properties>
  <testcase name="Simple JS test  Test 2 + 2" time="0.003" classname="Simple JS test "/>
  <testcase name="Access to Hearth blocked by IP address User is redirect to the access denied page" time="0.114" classname="Access to Hearth blocked by IP address"/>
  <testcase name="avatar directive directive html template is loaded" time="0.022" classname="avatar directive"/>
  <testcase name="item directive - market place item 2-way binding is set as expected" time="0.133" classname="item directive - market place item"/>
  <testcase name="Register controller Cannot register, if blocked by email address" time="0.018" classname="Register controller"/>
  <testcase name="ConversationAux factory should exist" time="0.011" classname="ConversationAux factory"/>
  <testcase name="ConversationAux factory .getFirstConversationIdIfAny() should exist" time="0.008" classname="ConversationAux factory"/>
  <testcase name="ConversationAux factory .getFirstConversationIdIfAny() should return empty string" time="0.009" classname="ConversationAux factory"/>
  <system-out>
    <![CDATA[
]]>
  </system-out>
  <system-err/>
</testsuite>